2014-05-06 21:10:20.588 HelloCordova[49479:70b] Multi-tasking -> Device: YES, App: YES
2014-05-06 21:10:20.613 HelloCordova[49479:70b] Unlimited access to network resources
2014-05-06 21:10:20.763 HelloCordova[49479:70b] CDVPlugin class CDVStatusBar (pluginName: statusbar) does not exist.
2014-05-06 21:10:20.763 HelloCordova[49479:70b] [CDVTimer][statusbar] 0.342965ms
2014-05-06 21:10:20.763 HelloCordova[49479:70b] [CDVTimer][TotalPluginStartup] 0.643015ms
2014-05-06 21:10:20.907 HelloCordova[49479:70b] Resetting plugins due to page load.
2014-05-06 21:10:21.151 HelloCordova[49479:70b] Finished load of: file:///Users/peterbe/Library/Application%20Support/iPhone%20Simulator/7.1/Applications/00EABE79-29BD-407D-A00F-5C36BC9F9949/HelloCordova.app/www/index.html#/tab/dash
2014-05-06 21:18:09.671 HelloCordova[49953:70b] Multi-tasking -> Device: YES, App: YES
2014-05-06 21:18:09.675 HelloCordova[49953:70b] Unlimited access to network resources
2014-05-06 21:18:09.687 HelloCordova[49953:70b] CDVPlugin class CDVStatusBar (pluginName: statusbar) does not exist.
2014-05-06 21:18:09.688 HelloCordova[49953:70b] [CDVTimer][statusbar] 0.335991ms
2014-05-06 21:18:09.688 HelloCordova[49953:70b] [CDVTimer][TotalPluginStartup] 0.647008ms
2014-05-06 21:18:09.718 HelloCordova[49953:70b] Resetting plugins due to page load.
2014-05-06 21:18:09.821 HelloCordova[49953:70b] Finished load of: file:///Users/peterbe/Library/Application%20Support/iPhone%20Simulator/7.1/Applications/00EABE79-29BD-407D-A00F-5C36BC9F9949/HelloCordova.app/www/index.html#/tab/dash
objc[49953]: Class AXEmojiUtilities is implemented in both /Applications/Xcode.app/Contents/Developer/Platforms/iPhoneSimulator.platform/Developer/SDKs/iPhoneSimulator7.1.sdk/System/Library/PrivateFrameworks/AccessibilityUtilities.framework/AccessibilityUtilities and /Applications/Xcode.app/Contents/Developer/Platforms/iPhoneSimulator.platform/Developer/SDKs/iPhoneSimulator7.1.sdk/usr/lib/libAXSpeechManager.dylib. One of the two will be used. Which one is undefined.
2014-05-06 21:18:14.671 HelloCordova[49953:70b] Cannot find executable for CFBundle 0xc09e2c0 </Applications/Xcode.app/Contents/Developer/Platforms/iPhoneSimulator.platform/Developer/SDKs/iPhoneSimulator7.1.sdk/System/Library/AccessibilityBundles/GeoServices.axbundle> (not loaded)
2014-05-06 21:18:14.673 HelloCordova[49953:70b] Cannot find executable for CFBundle 0xc09fbf0 </Applications/Xcode.app/Contents/Developer/Platforms/iPhoneSimulator.platform/Developer/SDKs/iPhoneSimulator7.1.sdk/System/Library/AccessibilityBundles/CertUIFramework.axbundle> (not loaded)
2014-05-06 21:18:14.675 HelloCordova[49953:70b] Cannot find executable for CFBundle 0xc09fcc0 </Applications/Xcode.app/Contents/Developer/Platforms/iPhoneSimulator.platform/Developer/SDKs/iPhoneSimulator7.1.sdk/System/Library/AccessibilityBundles/MusicLibrary.axbundle> (not loaded)
objc[50184]: Class AXEmojiUtilities is implemented in both /Applications/Xcode.app/Contents/Developer/Platforms/iPhoneSimulator.platform/Developer/SDKs/iPhoneSimulator7.1.sdk/System/Library/PrivateFrameworks/AccessibilityUtilities.framework/AccessibilityUtilities and /Applications/Xcode.app/Contents/Developer/Platforms/iPhoneSimulator.platform/Developer/SDKs/iPhoneSimulator7.1.sdk/usr/lib/libAXSpeechManager.dylib. One of the two will be used. Which one is undefined.
2014-05-06 21:19:46.754 HelloCordova[50184:70b] Cannot find executable for CFBundle 0xa295870 </Applications/Xcode.app/Contents/Developer/Platforms/iPhoneSimulator.platform/Developer/SDKs/iPhoneSimulator7.1.sdk/System/Library/AccessibilityBundles/CertUIFramework.axbundle> (not loaded)
2014-05-06 21:19:46.757 HelloCordova[50184:70b] Cannot find executable for CFBundle 0xa2ae650 </Applications/Xcode.app/Contents/Developer/Platforms/iPhoneSimulator.platform/Developer/SDKs/iPhoneSimulator7.1.sdk/System/Library/AccessibilityBundles/GeoServices.axbundle> (not loaded)
2014-05-06 21:19:46.775 HelloCordova[50184:70b] Multi-tasking -> Device: YES, App: YES
2014-05-06 21:19:46.779 HelloCordova[50184:70b] Unlimited access to network resources
2014-05-06 21:19:46.791 HelloCordova[50184:70b] CDVPlugin class CDVStatusBar (pluginName: statusbar) does not exist.
2014-05-06 21:19:46.791 HelloCordova[50184:70b] [CDVTimer][statusbar] 0.374973ms
2014-05-06 21:19:46.791 HelloCordova[50184:70b] [CDVTimer][TotalPluginStartup] 0.638962ms
2014-05-06 21:19:46.825 HelloCordova[50184:70b] Resetting plugins due to page load.
2014-05-06 21:19:46.934 HelloCordova[50184:70b] Finished load of: file:///Users/peterbe/Library/Application%20Support/iPhone%20Simulator/7.1/Applications/00EABE79-29BD-407D-A00F-5C36BC9F9949/HelloCordova.app/www/index.html#/tab/dash
objc[50417]: Class AXEmojiUtilities is implemented in both /Applications/Xcode.app/Contents/Developer/Platforms/iPhoneSimulator.platform/Developer/SDKs/iPhoneSimulator7.1.sdk/System/Library/PrivateFrameworks/AccessibilityUtilities.framework/AccessibilityUtilities and /Applications/Xcode.app/Contents/Developer/Platforms/iPhoneSimulator.platform/Developer/SDKs/iPhoneSimulator7.1.sdk/usr/lib/libAXSpeechManager.dylib. One of the two will be used. Which one is undefined.
2014-05-06 21:20:19.986 HelloCordova[50417:70b] Cannot find executable for CFBundle 0xa472720 </Applications/Xcode.app/Contents/Developer/Platforms/iPhoneSimulator.platform/Developer/SDKs/iPhoneSimulator7.1.sdk/System/Library/AccessibilityBundles/GeoServices.axbundle> (not loaded)
2014-05-06 21:20:19.989 HelloCordova[50417:70b] Cannot find executable for CFBundle 0xa2bdde0 </Applications/Xcode.app/Contents/Developer/Platforms/iPhoneSimulator.platform/Developer/SDKs/iPhoneSimulator7.1.sdk/System/Library/AccessibilityBundles/CertUIFramework.axbundle> (not loaded)
2014-05-06 21:20:20.008 HelloCordova[50417:70b] Multi-tasking -> Device: YES, App: YES
2014-05-06 21:20:20.013 HelloCordova[50417:70b] Unlimited access to network resources
2014-05-06 21:20:20.024 HelloCordova[50417:70b] CDVPlugin class CDVStatusBar (pluginName: statusbar) does not exist.
2014-05-06 21:20:20.025 HelloCordova[50417:70b] [CDVTimer][statusbar] 0.297010ms
2014-05-06 21:20:20.025 HelloCordova[50417:70b] [CDVTimer][TotalPluginStartup] 0.555992ms
2014-05-06 21:20:20.064 HelloCordova[50417:70b] Resetting plugins due to page load.
2014-05-06 21:20:20.168 HelloCordova[50417:70b] Finished load of: file:///Users/peterbe/Library/Application%20Support/iPhone%20Simulator/7.1/Applications/00EABE79-29BD-407D-A00F-5C36BC9F9949/HelloCordova.app/www/index.html#/tab/dash
Terminating in response to SpringBoard's termination.
objc[53160]: Class AXEmojiUtilities is implemented in both /Applications/Xcode.app/Contents/Developer/Platforms/iPhoneSimulator.platform/Developer/SDKs/iPhoneSimulator7.1.sdk/System/Library/PrivateFrameworks/AccessibilityUtilities.framework/AccessibilityUtilities and /Applications/Xcode.app/Contents/Developer/Platforms/iPhoneSimulator.platform/Developer/SDKs/iPhoneSimulator7.1.sdk/usr/lib/libAXSpeechManager.dylib. One of the two will be used. Which one is undefined.
2014-05-24 11:45:18.811 HelloCordova[53160:70b] Cannot find executable for CFBundle 0xa9216d0 </Applications/Xcode.app/Contents/Developer/Platforms/iPhoneSimulator.platform/Developer/SDKs/iPhoneSimulator7.1.sdk/System/Library/AccessibilityBundles/CertUIFramework.axbundle> (not loaded)
2014-05-24 11:45:18.815 HelloCordova[53160:70b] Cannot find executable for CFBundle 0xa33e370 </Applications/Xcode.app/Contents/Developer/Platforms/iPhoneSimulator.platform/Developer/SDKs/iPhoneSimulator7.1.sdk/System/Library/AccessibilityBundles/GeoServices.axbundle> (not loaded)
2014-05-24 11:45:18.870 HelloCordova[53160:70b] Multi-tasking -> Device: YES, App: YES
2014-05-24 11:45:18.892 HelloCordova[53160:70b] Unlimited access to network resources
2014-05-24 11:45:19.070 HelloCordova[53160:70b] CDVPlugin class CDVStatusBar (pluginName: statusbar) does not exist.
2014-05-24 11:45:19.070 HelloCordova[53160:70b] [CDVTimer][statusbar] 0.512004ms
2014-05-24 11:45:19.071 HelloCordova[53160:70b] [CDVTimer][TotalPluginStartup] 1.212001ms
2014-05-24 11:45:19.171 HelloCordova[53160:70b] Resetting plugins due to page load.
2014-05-24 11:45:19.375 HelloCordova[53160:70b] Finished load of: file:///Users/peterbe/Library/Application%20Support/iPhone%20Simulator/7.1/Applications/00EABE79-29BD-407D-A00F-5C36BC9F9949/HelloCordova.app/www/index.html#/tab/dash
2014-05-24 11:45:21.895 HelloCordova[53160:70b] Question [object Object]
2014-05-24 11:45:29.557 HelloCordova[53160:6e03] 11:45:29.557 ERROR:     AVAudioSessionUtilities.h:88: GetProperty_DefaultToZero: AudioSessionGetProperty ('disa') failed with error: '?ytp'
2014-05-24 11:45:29.558 HelloCordova[53160:70b] Sport sv
2014-05-24 11:45:32.564 HelloCordova[53160:70b] Question [object Object]
2014-05-24 11:45:35.133 HelloCordova[53160:6e03] 11:45:35.133 ERROR:     AVAudioSessionUtilities.h:88: GetProperty_DefaultToZero: AudioSessionGetProperty ('disa') failed with error: '?ytp'
2014-05-24 11:45:35.135 HelloCordova[53160:70b] Bröd sv
2014-05-24 11:45:38.139 HelloCordova[53160:70b] Question [object Object]
2014-05-24 11:45:42.571 HelloCordova[53160:6e03] 11:45:42.571 ERROR:     AVAudioSessionUtilities.h:88: GetProperty_DefaultToZero: AudioSessionGetProperty ('disa') failed with error: '?ytp'
2014-05-24 11:45:42.572 HelloCordova[53160:70b] Gata sv
2014-05-24 11:45:45.577 HelloCordova[53160:70b] Question [object Object]
2014-05-24 11:46:06.026 HelloCordova[53160:6e03] 11:46:06.026 ERROR:     AVAudioSessionUtilities.h:88: GetProperty_DefaultToZero: AudioSessionGetProperty ('disa') failed with error: '?ytp'
2014-05-24 11:46:06.029 HelloCordova[53160:70b] Torn sv
2014-05-24 11:46:26.595 HelloCordova[53160:70b] Question [object Object]
2014-05-24 11:46:28.418 HelloCordova[53160:70b] Question [object Object]
objc[53446]: Class AXEmojiUtilities is implemented in both /Applications/Xcode.app/Contents/Developer/Platforms/iPhoneSimulator.platform/Developer/SDKs/iPhoneSimulator7.1.sdk/System/Library/PrivateFrameworks/AccessibilityUtilities.framework/AccessibilityUtilities and /Applications/Xcode.app/Contents/Developer/Platforms/iPhoneSimulator.platform/Developer/SDKs/iPhoneSimulator7.1.sdk/usr/lib/libAXSpeechManager.dylib. One of the two will be used. Which one is undefined.
2014-05-24 11:46:51.990 HelloCordova[53446:70b] Cannot find executable for CFBundle 0xa637420 </Applications/Xcode.app/Contents/Developer/Platforms/iPhoneSimulator.platform/Developer/SDKs/iPhoneSimulator7.1.sdk/System/Library/AccessibilityBundles/GeoServices.axbundle> (not loaded)
2014-05-24 11:46:52.007 HelloCordova[53446:70b] Cannot find executable for CFBundle 0xa544910 </Applications/Xcode.app/Contents/Developer/Platforms/iPhoneSimulator.platform/Developer/SDKs/iPhoneSimulator7.1.sdk/System/Library/AccessibilityBundles/CertUIFramework.axbundle> (not loaded)
2014-05-24 11:46:52.039 HelloCordova[53446:70b] Multi-tasking -> Device: YES, App: YES
2014-05-24 11:46:52.046 HelloCordova[53446:70b] Unlimited access to network resources
2014-05-24 11:46:52.065 HelloCordova[53446:70b] CDVPlugin class CDVStatusBar (pluginName: statusbar) does not exist.
2014-05-24 11:46:52.065 HelloCordova[53446:70b] [CDVTimer][statusbar] 0.360966ms
2014-05-24 11:46:52.065 HelloCordova[53446:70b] [CDVTimer][TotalPluginStartup] 0.707984ms
2014-05-24 11:46:52.180 HelloCordova[53446:70b] Resetting plugins due to page load.
2014-05-24 11:46:52.328 HelloCordova[53446:70b] Finished load of: file:///Users/peterbe/Library/Application%20Support/iPhone%20Simulator/7.1/Applications/00EABE79-29BD-407D-A00F-5C36BC9F9949/HelloCordova.app/www/index.html#/tab/dash
2014-05-24 11:46:54.013 HelloCordova[53446:70b] Question [object Object]
2014-05-24 11:47:01.506 HelloCordova[53446:6d03] 11:47:01.506 ERROR:     AVAudioSessionUtilities.h:88: GetProperty_DefaultToZero: AudioSessionGetProperty ('disa') failed with error: '?ytp'
2014-05-24 11:47:01.509 HelloCordova[53446:70b] Kyrka sv
2014-05-24 11:47:19.142 HelloCordova[53446:70b] Question [object Object]
2014-05-24 11:47:26.449 HelloCordova[53446:70b] Question [object Object]
2014-05-24 11:47:28.591 HelloCordova[53446:70b] Question [object Object]
2014-05-24 11:47:30.910 HelloCordova[53446:6d03] 11:47:30.910 ERROR:     AVAudioSessionUtilities.h:88: GetProperty_DefaultToZero: AudioSessionGetProperty ('disa') failed with error: '?ytp'
2014-05-24 11:47:30.912 HelloCordova[53446:70b] Trappa sv
2014-05-24 11:47:33.918 HelloCordova[53446:70b] Question [object Object]
Terminating in response to SpringBoard's termination.
